[0.993s] DEBUG:colcon:Command line arguments: ['/usr/bin/colcon', 'build', '--packages-select', 'a1_msg']
[0.993s] DEBUG:colcon:Parsed command line arguments: Namespace(log_base=None, log_level=None, verb_name='build', build_base='build', install_base='install', merge_install=False, symlink_install=False, test_result_base=None, continue_on_error=False, executor='parallel', parallel_workers=12, event_handlers=None, ignore_user_meta=False, metas=['./colcon.meta'], base_paths=['.'], packages_ignore=None, packages_ignore_regex=None, paths=None, packages_up_to=None, packages_up_to_regex=None, packages_above=None, packages_above_and_dependencies=None, packages_above_depth=None, packages_select_by_dep=None, packages_skip_by_dep=None, packages_skip_up_to=None, packages_select_build_failed=False, packages_skip_build_finished=False, packages_select_test_failures=False, packages_skip_test_passed=False, packages_select=['a1_msg'], packages_skip=None, packages_select_regex=None, packages_skip_regex=None, packages_start=None, packages_end=None, allow_overriding=[], cmake_args=None, cmake_target=None, cmake_target_skip_unavailable=False, cmake_clean_cache=False, cmake_clean_first=False, cmake_force_configure=False, ament_cmake_args=None, catkin_cmake_args=None, catkin_skip_building_tests=False, mixin_files=None, mixin=None, verb_parser=<colcon_mixin.mixin.mixin_argument.MixinArgumentDecorator object at 0x7fab8a27a170>, verb_extension=<colcon_core.verb.build.BuildVerb object at 0x7fab8ab03af0>, main=<bound method BuildVerb.main of <colcon_core.verb.build.BuildVerb object at 0x7fab8ab03af0>>, mixin_verb=('build',))
[1.131s] Level 1:colcon.colcon_core.package_discovery:discover_packages(colcon_meta) check parameters
[1.132s] Level 1:colcon.colcon_core.package_discovery:discover_packages(recursive) check parameters
[1.132s] Level 1:colcon.colcon_core.package_discovery:discover_packages(ignore) check parameters
[1.132s] Level 1:colcon.colcon_core.package_discovery:discover_packages(path) check parameters
[1.132s] Level 1:colcon.colcon_core.package_discovery:discover_packages(colcon_meta) discover
[1.132s] Level 1:colcon.colcon_core.package_discovery:discover_packages(recursive) discover
[1.132s] INFO:colcon.colcon_core.package_discovery:Crawling recursively for packages in '/home/xing/my_unitree_a1/src/a1_msg'
[1.132s] Level 1:colcon.colcon_core.package_identification:_identify(.) by extensions ['ignore', 'ignore_ament_install']
[1.132s] Level 1:colcon.colcon_core.package_identification:_identify(.) by extension 'ignore'
[1.132s] Level 1:colcon.colcon_core.package_identification:_identify(.) by extension 'ignore_ament_install'
[1.132s] Level 1:colcon.colcon_core.package_identification:_identify(.) by extensions ['colcon_pkg']
[1.132s] Level 1:colcon.colcon_core.package_identification:_identify(.) by extension 'colcon_pkg'
[1.132s] Level 1:colcon.colcon_core.package_identification:_identify(.) by extensions ['colcon_meta']
[1.132s] Level 1:colcon.colcon_core.package_identification:_identify(.) by extension 'colcon_meta'
[1.132s] Level 1:colcon.colcon_core.package_identification:_identify(.) by extensions ['ros']
[1.132s] Level 1:colcon.colcon_core.package_identification:_identify(.) by extension 'ros'
[1.148s] DEBUG:colcon.colcon_core.package_identification:Package '.' with type 'ros.ament_cmake' and name 'a1_msg'
[1.148s] Level 1:colcon.colcon_core.package_discovery:discover_packages(recursive) using defaults
[1.148s] Level 1:colcon.colcon_core.package_discovery:discover_packages(ignore) discover
[1.148s] Level 1:colcon.colcon_core.package_discovery:discover_packages(ignore) using defaults
[1.148s] Level 1:colcon.colcon_core.package_discovery:discover_packages(path) discover
[1.148s] Level 1:colcon.colcon_core.package_discovery:discover_packages(path) using defaults
[1.205s] Level 1:colcon.colcon_core.package_discovery:discover_packages(prefix_path) check parameters
[1.205s] Level 1:colcon.colcon_core.package_discovery:discover_packages(prefix_path) discover
[1.214s] DEBUG:colcon.colcon_installed_package_information.package_discovery:Found 2 installed packages in /home/xing/robot_course/install
[1.216s] DEBUG:colcon.colcon_installed_package_information.package_discovery:Found 56 installed packages in /home/xing/ws_moveit2/install
[1.218s] DEBUG:colcon.colcon_installed_package_information.package_discovery:Found 520 installed packages in /opt/ros/humble
[1.222s] Level 1:colcon.colcon_core.package_discovery:discover_packages(prefix_path) using defaults
[1.425s] Level 5:colcon.colcon_core.verb:set package 'a1_msg' build argument 'cmake_args' from command line to 'None'
[1.425s] Level 5:colcon.colcon_core.verb:set package 'a1_msg' build argument 'cmake_target' from command line to 'None'
[1.425s] Level 5:colcon.colcon_core.verb:set package 'a1_msg' build argument 'cmake_target_skip_unavailable' from command line to 'False'
[1.425s] Level 5:colcon.colcon_core.verb:set package 'a1_msg' build argument 'cmake_clean_cache' from command line to 'False'
[1.425s] Level 5:colcon.colcon_core.verb:set package 'a1_msg' build argument 'cmake_clean_first' from command line to 'False'
[1.425s] Level 5:colcon.colcon_core.verb:set package 'a1_msg' build argument 'cmake_force_configure' from command line to 'False'
[1.425s] Level 5:colcon.colcon_core.verb:set package 'a1_msg' build argument 'ament_cmake_args' from command line to 'None'
[1.425s] Level 5:colcon.colcon_core.verb:set package 'a1_msg' build argument 'catkin_cmake_args' from command line to 'None'
[1.425s] Level 5:colcon.colcon_core.verb:set package 'a1_msg' build argument 'catkin_skip_building_tests' from command line to 'False'
[1.425s] DEBUG:colcon.colcon_core.verb:Building package 'a1_msg' with the following arguments: {'ament_cmake_args': None, 'build_base': '/home/xing/my_unitree_a1/src/a1_msg/build/a1_msg', 'catkin_cmake_args': None, 'catkin_skip_building_tests': False, 'cmake_args': None, 'cmake_clean_cache': False, 'cmake_clean_first': False, 'cmake_force_configure': False, 'cmake_target': None, 'cmake_target_skip_unavailable': False, 'install_base': '/home/xing/my_unitree_a1/src/a1_msg/install/a1_msg', 'merge_install': False, 'path': '/home/xing/my_unitree_a1/src/a1_msg', 'symlink_install': False, 'test_result_base': None}
[1.426s] INFO:colcon.colcon_core.executor:Executing jobs using 'parallel' executor
[1.429s] DEBUG:colcon.colcon_parallel_executor.executor.parallel:run_until_complete
[1.429s] INFO:colcon.colcon_ros.task.ament_cmake.build:Building ROS package in '/home/xing/my_unitree_a1/src/a1_msg' with build type 'ament_cmake'
[1.429s] INFO:colcon.colcon_cmake.task.cmake.build:Building CMake package in '/home/xing/my_unitree_a1/src/a1_msg'
[1.448s] INFO:colcon.colcon_core.plugin_system:Skipping extension 'colcon_core.shell.bat': Not used on non-Windows systems
[1.449s] INFO:colcon.colcon_core.shell:Skip shell extension 'powershell' for command environment: Not usable outside of PowerShell
[1.449s] DEBUG:colcon.colcon_core.shell:Skip shell extension 'dsv' for command environment
[1.467s] DEBUG:colcon.colcon_core.event_handler.log_command:Invoking command in '/home/xing/my_unitree_a1/src/a1_msg/build/a1_msg': CMAKE_PREFIX_PATH=${CMAKE_PREFIX_PATH}:/home/xing/robot_course/install/webots_spot:/home/xing/ws_moveit2/install/moveit_configs_utils:/home/xing/ws_moveit2/install/launch_param_builder:/opt/ros/humble /home/xing/.local/bin/cmake /home/xing/my_unitree_a1/src/a1_msg -DCMAKE_INSTALL_PREFIX=/home/xing/my_unitree_a1/src/a1_msg/install/a1_msg
[3.649s] DEBUG:colcon.colcon_core.event_handler.log_command:Invoked command in '/home/xing/my_unitree_a1/src/a1_msg/build/a1_msg' returned '1': CMAKE_PREFIX_PATH=${CMAKE_PREFIX_PATH}:/home/xing/robot_course/install/webots_spot:/home/xing/ws_moveit2/install/moveit_configs_utils:/home/xing/ws_moveit2/install/launch_param_builder:/opt/ros/humble /home/xing/.local/bin/cmake /home/xing/my_unitree_a1/src/a1_msg -DCMAKE_INSTALL_PREFIX=/home/xing/my_unitree_a1/src/a1_msg/install/a1_msg
[3.681s] Level 1:colcon.colcon_core.environment:create_environment_scripts_only(a1_msg)
[3.693s] Level 1:colcon.colcon_core.environment:checking '/home/xing/my_unitree_a1/src/a1_msg/install/a1_msg' for CMake module files
[3.693s] Level 1:colcon.colcon_core.environment:checking '/home/xing/my_unitree_a1/src/a1_msg/install/a1_msg' for CMake config files
[3.693s] Level 1:colcon.colcon_core.environment:checking '/home/xing/my_unitree_a1/src/a1_msg/install/a1_msg/bin'
[3.693s] Level 1:colcon.colcon_core.environment:checking '/home/xing/my_unitree_a1/src/a1_msg/install/a1_msg/lib/pkgconfig/a1_msg.pc'
[3.693s] Level 1:colcon.colcon_core.environment:checking '/home/xing/my_unitree_a1/src/a1_msg/install/a1_msg/lib/python3.10/site-packages'
[3.693s] Level 1:colcon.colcon_core.environment:checking '/home/xing/my_unitree_a1/src/a1_msg/install/a1_msg/bin'
[3.695s] INFO:colcon.colcon_core.shell:Creating package script '/home/xing/my_unitree_a1/src/a1_msg/install/a1_msg/share/a1_msg/package.ps1'
[3.696s] INFO:colcon.colcon_core.shell:Creating package descriptor '/home/xing/my_unitree_a1/src/a1_msg/install/a1_msg/share/a1_msg/package.dsv'
[3.697s] INFO:colcon.colcon_core.shell:Creating package script '/home/xing/my_unitree_a1/src/a1_msg/install/a1_msg/share/a1_msg/package.sh'
[3.698s] INFO:colcon.colcon_core.shell:Creating package script '/home/xing/my_unitree_a1/src/a1_msg/install/a1_msg/share/a1_msg/package.bash'
[3.699s] INFO:colcon.colcon_core.shell:Creating package script '/home/xing/my_unitree_a1/src/a1_msg/install/a1_msg/share/a1_msg/package.zsh'
[3.701s] Level 1:colcon.colcon_core.environment:create_file_with_runtime_dependencies(/home/xing/my_unitree_a1/src/a1_msg/install/a1_msg/share/colcon-core/packages/a1_msg)
[3.711s] DEBUG:colcon.colcon_parallel_executor.executor.parallel:closing loop
[3.711s] DEBUG:colcon.colcon_parallel_executor.executor.parallel:loop closed
[3.711s] DEBUG:colcon.colcon_parallel_executor.executor.parallel:run_until_complete finished with '1'
[3.712s] DEBUG:colcon.colcon_core.event_reactor:joining thread
[3.720s] INFO:colcon.colcon_core.plugin_system:Skipping extension 'colcon_notification.desktop_notification.terminal_notifier': Not used on non-Darwin systems
[3.720s] INFO:colcon.colcon_core.plugin_system:Skipping extension 'colcon_notification.desktop_notification.win32': Not used on non-Windows systems
[3.720s] INFO:colcon.colcon_notification.desktop_notification:Sending desktop notification using 'notify2'
[3.737s] DEBUG:colcon.colcon_core.event_reactor:joined thread
[3.739s] INFO:colcon.colcon_core.shell:Creating prefix script '/home/xing/my_unitree_a1/src/a1_msg/install/local_setup.ps1'
[3.740s] INFO:colcon.colcon_core.shell:Creating prefix util module '/home/xing/my_unitree_a1/src/a1_msg/install/_local_setup_util_ps1.py'
[3.742s] INFO:colcon.colcon_core.shell:Creating prefix chain script '/home/xing/my_unitree_a1/src/a1_msg/install/setup.ps1'
[3.745s] INFO:colcon.colcon_core.shell:Creating prefix script '/home/xing/my_unitree_a1/src/a1_msg/install/local_setup.sh'
[3.746s] INFO:colcon.colcon_core.shell:Creating prefix util module '/home/xing/my_unitree_a1/src/a1_msg/install/_local_setup_util_sh.py'
[3.747s] INFO:colcon.colcon_core.shell:Creating prefix chain script '/home/xing/my_unitree_a1/src/a1_msg/install/setup.sh'
[3.750s] INFO:colcon.colcon_core.shell:Creating prefix script '/home/xing/my_unitree_a1/src/a1_msg/install/local_setup.bash'
[3.751s] INFO:colcon.colcon_core.shell:Creating prefix chain script '/home/xing/my_unitree_a1/src/a1_msg/install/setup.bash'
[3.754s] INFO:colcon.colcon_core.shell:Creating prefix script '/home/xing/my_unitree_a1/src/a1_msg/install/local_setup.zsh'
[3.755s] INFO:colcon.colcon_core.shell:Creating prefix chain script '/home/xing/my_unitree_a1/src/a1_msg/install/setup.zsh'
