[0.036s] Invoking command in '/home/xing/my_unitree_a1/src/a1_msg/build/a1_msg': CMAKE_PREFIX_PATH=${CMAKE_PREFIX_PATH}:/home/xing/robot_course/install/webots_spot:/home/xing/ws_moveit2/install/moveit_configs_utils:/home/xing/ws_moveit2/install/launch_param_builder:/opt/ros/humble /home/xing/.local/bin/cmake /home/xing/my_unitree_a1/src/a1_msg -DCMAKE_INSTALL_PREFIX=/home/xing/my_unitree_a1/src/a1_msg/install/a1_msg
[0.309s] -- The C compiler identification is GNU 11.3.0
[0.374s] -- The CXX compiler identification is GNU 11.3.0
[0.395s] -- Detecting C compiler ABI info
[0.457s] -- Detecting C compiler ABI info - done
[0.468s] -- Check for working C compiler: /usr/bin/cc - skipped
[0.469s] -- Detecting C compile features
[0.470s] -- Detecting C compile features - done
[0.475s] -- Detecting CXX compiler ABI info
[0.539s] -- Detecting CXX compiler ABI info - done
[0.551s] -- Check for working CXX compiler: /usr/bin/c++ - skipped
[0.551s] -- Detecting CXX compile features
[0.552s] -- Detecting CXX compile features - done
[0.560s] -- Found ament_cmake: 1.3.4 (/opt/ros/humble/share/ament_cmake/cmake)
[1.610s] -- Found Python3: /usr/bin/python3.10 (found version "3.10.6") found components: Interpreter 
[1.786s] -- Found ament_lint_auto: 0.12.6 (/opt/ros/humble/share/ament_lint_auto/cmake)
[1.909s] -- Added test 'cppcheck' to perform static code analysis on C / C++ code
[1.909s] -- Configured cppcheck include dirs: 
[1.909s] -- Configured cppcheck exclude dirs and/or files: 
[1.915s] -- Added test 'lint_cmake' to check CMake code style
[1.924s] -- Added test 'uncrustify' to check C / C++ code style
[1.924s] -- Configured uncrustify additional arguments: 
[1.928s] -- Added test 'xmllint' to check XML markup files
[1.944s] -- Found rosidl_default_generators: 1.2.0 (/opt/ros/humble/share/rosidl_default_generators/cmake)
[1.968s] -- Using all available rosidl_typesupport_c: rosidl_typesupport_fastrtps_c;rosidl_typesupport_introspection_c
[1.990s] -- Found rosidl_adapter: 3.1.4 (/opt/ros/humble/share/rosidl_adapter/cmake)
[2.117s] -- Using all available rosidl_typesupport_cpp: rosidl_typesupport_fastrtps_cpp;rosidl_typesupport_introspection_cpp
[2.210s] [31mCMake Error at /opt/ros/humble/share/rosidl_cmake/cmake/rosidl_generate_interfaces.cmake:64 (message):
[2.210s]   rosidl_generate_interfaces() must be called before ament_package()
[2.210s] Call Stack (most recent call first):
[2.210s]   CMakeLists.txt:30 (rosidl_generate_interfaces)
[2.211s] 
[2.211s] [0m
[2.211s] -- Configuring incomplete, errors occurred!
[2.219s] Invoked command in '/home/xing/my_unitree_a1/src/a1_msg/build/a1_msg' returned '1': CMAKE_PREFIX_PATH=${CMAKE_PREFIX_PATH}:/home/xing/robot_course/install/webots_spot:/home/xing/ws_moveit2/install/moveit_configs_utils:/home/xing/ws_moveit2/install/launch_param_builder:/opt/ros/humble /home/xing/.local/bin/cmake /home/xing/my_unitree_a1/src/a1_msg -DCMAKE_INSTALL_PREFIX=/home/xing/my_unitree_a1/src/a1_msg/install/a1_msg
